<?xml version="1.0" encoding="UTF-8"?>
<testsuite name="org.openmhealth.shim.common.mapper.JsonNodeMappingSupportUnitTests" tests="72" skipped="0" failures="0" errors="0" timestamp="2019-01-23T10:27:35" hostname="anispc2.techno-soft.com" time="0.416">
  <properties/>
  <testcase name="asOptionalBigDecimalShouldReturnBigDecimalForDecimalValue" classname="org.openmhealth.shim.common.mapper.JsonNodeMappingSupportUnitTests" time="0.109"/>
  <testcase name="asOptionalBigDecimalShouldReturnBigDecimalForInteger" classname="org.openmhealth.shim.common.mapper.JsonNodeMappingSupportUnitTests" time="0.0"/>
  <testcase name="asOptionalBigDecimalShouldReturnEmptyOnMissingNode" classname="org.openmhealth.shim.common.mapper.JsonNodeMappingSupportUnitTests" time="0.016"/>
  <testcase name="asOptionalBigDecimalShouldReturnEmptyOnNonNumberNode" classname="org.openmhealth.shim.common.mapper.JsonNodeMappingSupportUnitTests" time="0.002"/>
  <testcase name="asOptionalBigDecimalShouldReturnEmptyOnNullNode" classname="org.openmhealth.shim.common.mapper.JsonNodeMappingSupportUnitTests" time="0.005"/>
  <testcase name="asOptionalBooleanShouldReturnBooleanWhenPresent" classname="org.openmhealth.shim.common.mapper.JsonNodeMappingSupportUnitTests" time="0.005"/>
  <testcase name="asOptionalBooleanShouldReturnEmptyOnMismatchedNode" classname="org.openmhealth.shim.common.mapper.JsonNodeMappingSupportUnitTests" time="0.008"/>
  <testcase name="asOptionalBooleanShouldReturnEmptyOnMissingNode" classname="org.openmhealth.shim.common.mapper.JsonNodeMappingSupportUnitTests" time="0.001"/>
  <testcase name="asOptionalBooleanShouldReturnEmptyOnNullNode" classname="org.openmhealth.shim.common.mapper.JsonNodeMappingSupportUnitTests" time="0.002"/>
  <testcase name="asOptionalDoubleShouldReturnDoubleWhenIntegerIsPresent" classname="org.openmhealth.shim.common.mapper.JsonNodeMappingSupportUnitTests" time="0.003"/>
  <testcase name="asOptionalDoubleShouldReturnDoubleWhenPresent" classname="org.openmhealth.shim.common.mapper.JsonNodeMappingSupportUnitTests" time="0.001"/>
  <testcase name="asOptionalDoubleShouldReturnEmptyOnMismatchedNode" classname="org.openmhealth.shim.common.mapper.JsonNodeMappingSupportUnitTests" time="0.001"/>
  <testcase name="asOptionalDoubleShouldReturnEmptyOnMissingNode" classname="org.openmhealth.shim.common.mapper.JsonNodeMappingSupportUnitTests" time="0.001"/>
  <testcase name="asOptionalDoubleShouldReturnEmptyOnNullNode" classname="org.openmhealth.shim.common.mapper.JsonNodeMappingSupportUnitTests" time="0.002"/>
  <testcase name="asOptionalIntegerShouldReturnEmptyOnMismatchedNode" classname="org.openmhealth.shim.common.mapper.JsonNodeMappingSupportUnitTests" time="0.002"/>
  <testcase name="asOptionalIntegerShouldReturnEmptyOnMissingNode" classname="org.openmhealth.shim.common.mapper.JsonNodeMappingSupportUnitTests" time="0.001"/>
  <testcase name="asOptionalIntegerShouldReturnEmptyOnNullNode" classname="org.openmhealth.shim.common.mapper.JsonNodeMappingSupportUnitTests" time="0.001"/>
  <testcase name="asOptionalIntegerShouldReturnIntegerWhenPresent" classname="org.openmhealth.shim.common.mapper.JsonNodeMappingSupportUnitTests" time="0.0"/>
  <testcase name="asOptionalLocalDateTimeShouldReturnCustomDateTimeWhenPresent" classname="org.openmhealth.shim.common.mapper.JsonNodeMappingSupportUnitTests" time="0.088"/>
  <testcase name="asOptionalLocalDateTimeShouldReturnDateTimeWhenPresent" classname="org.openmhealth.shim.common.mapper.JsonNodeMappingSupportUnitTests" time="0.0"/>
  <testcase name="asOptionalLocalDateTimeShouldReturnEmptyOnMalformedNode" classname="org.openmhealth.shim.common.mapper.JsonNodeMappingSupportUnitTests" time="0.023"/>
  <testcase name="asOptionalLocalDateTimeShouldReturnEmptyOnMismatchedNode" classname="org.openmhealth.shim.common.mapper.JsonNodeMappingSupportUnitTests" time="0.0"/>
  <testcase name="asOptionalLocalDateTimeShouldReturnEmptyOnMissingNode" classname="org.openmhealth.shim.common.mapper.JsonNodeMappingSupportUnitTests" time="0.001"/>
  <testcase name="asOptionalLocalDateTimeShouldReturnEmptyOnNullNode" classname="org.openmhealth.shim.common.mapper.JsonNodeMappingSupportUnitTests" time="0.0"/>
  <testcase name="asOptionalLongShouldReturnEmptyOnMismatchedNode" classname="org.openmhealth.shim.common.mapper.JsonNodeMappingSupportUnitTests" time="0.003"/>
  <testcase name="asOptionalLongShouldReturnEmptyOnMissingNode" classname="org.openmhealth.shim.common.mapper.JsonNodeMappingSupportUnitTests" time="0.001"/>
  <testcase name="asOptionalLongShouldReturnEmptyOnNullNode" classname="org.openmhealth.shim.common.mapper.JsonNodeMappingSupportUnitTests" time="0.002"/>
  <testcase name="asOptionalLongShouldReturnLongWhenPresent" classname="org.openmhealth.shim.common.mapper.JsonNodeMappingSupportUnitTests" time="0.0"/>
  <testcase name="asOptionalNodeShouldReturnEmptyOnMissingNode" classname="org.openmhealth.shim.common.mapper.JsonNodeMappingSupportUnitTests" time="0.001"/>
  <testcase name="asOptionalNodeShouldReturnEmptyOnOnMissingChildNode" classname="org.openmhealth.shim.common.mapper.JsonNodeMappingSupportUnitTests" time="0.0"/>
  <testcase name="asOptionalNodeShouldReturnEmptyOnOnMissingParentNode" classname="org.openmhealth.shim.common.mapper.JsonNodeMappingSupportUnitTests" time="0.0"/>
  <testcase name="asOptionalNodeShouldReturnEmptyOnOnNestedNullNode" classname="org.openmhealth.shim.common.mapper.JsonNodeMappingSupportUnitTests" time="0.001"/>
  <testcase name="asOptionalNodeShouldReturnEmptyOnOnNullNode" classname="org.openmhealth.shim.common.mapper.JsonNodeMappingSupportUnitTests" time="0.0"/>
  <testcase name="asOptionalNodeShouldReturnNestedNodeWhenPresent" classname="org.openmhealth.shim.common.mapper.JsonNodeMappingSupportUnitTests" time="0.0"/>
  <testcase name="asOptionalNodeShouldReturnNodeWhenPresent" classname="org.openmhealth.shim.common.mapper.JsonNodeMappingSupportUnitTests" time="0.0"/>
  <testcase name="asOptionalOffsetDateTimeShouldReturnDateTimeWhenPresent" classname="org.openmhealth.shim.common.mapper.JsonNodeMappingSupportUnitTests" time="0.005"/>
  <testcase name="asOptionalOffsetDateTimeShouldReturnEmptyOnMalformedNode" classname="org.openmhealth.shim.common.mapper.JsonNodeMappingSupportUnitTests" time="0.02"/>
  <testcase name="asOptionalOffsetDateTimeShouldReturnEmptyOnMismatchedNode" classname="org.openmhealth.shim.common.mapper.JsonNodeMappingSupportUnitTests" time="0.001"/>
  <testcase name="asOptionalOffsetDateTimeShouldReturnEmptyOnMissingNode" classname="org.openmhealth.shim.common.mapper.JsonNodeMappingSupportUnitTests" time="0.003"/>
  <testcase name="asOptionalOffsetDateTimeShouldReturnEmptyOnNullNode" classname="org.openmhealth.shim.common.mapper.JsonNodeMappingSupportUnitTests" time="0.005"/>
  <testcase name="asOptionalStringShouldReturnEmptyOnMismatchedNode" classname="org.openmhealth.shim.common.mapper.JsonNodeMappingSupportUnitTests" time="0.002"/>
  <testcase name="asOptionalStringShouldReturnEmptyOnMissingNode" classname="org.openmhealth.shim.common.mapper.JsonNodeMappingSupportUnitTests" time="0.001"/>
  <testcase name="asOptionalStringShouldReturnEmptyOnNullNode" classname="org.openmhealth.shim.common.mapper.JsonNodeMappingSupportUnitTests" time="0.001"/>
  <testcase name="asOptionalStringShouldReturnStringWhenPresent" classname="org.openmhealth.shim.common.mapper.JsonNodeMappingSupportUnitTests" time="0.0"/>
  <testcase name="asRequiredDoubleShouldReturnDoubleWhenIntegerIsPresent" classname="org.openmhealth.shim.common.mapper.JsonNodeMappingSupportUnitTests" time="0.001"/>
  <testcase name="asRequiredDoubleShouldReturnDoubleWhenPresent" classname="org.openmhealth.shim.common.mapper.JsonNodeMappingSupportUnitTests" time="0.0"/>
  <testcase name="asRequiredDoubleShouldThrowExceptionOnMismatchedNode" classname="org.openmhealth.shim.common.mapper.JsonNodeMappingSupportUnitTests" time="0.002"/>
  <testcase name="asRequiredDoubleShouldThrowExceptionOnMissingNode" classname="org.openmhealth.shim.common.mapper.JsonNodeMappingSupportUnitTests" time="0.002"/>
  <testcase name="asRequiredDoubleShouldThrowExceptionOnNullNode" classname="org.openmhealth.shim.common.mapper.JsonNodeMappingSupportUnitTests" time="0.001"/>
  <testcase name="asRequiredLocalDateShouldReturnLocalDateWhenPresent" classname="org.openmhealth.shim.common.mapper.JsonNodeMappingSupportUnitTests" time="0.003"/>
  <testcase name="asRequiredLocalDateShouldThrowExceptionOnMismatchedNode" classname="org.openmhealth.shim.common.mapper.JsonNodeMappingSupportUnitTests" time="0.002"/>
  <testcase name="asRequiredLocalDateShouldThrowExceptionOnMissingNode" classname="org.openmhealth.shim.common.mapper.JsonNodeMappingSupportUnitTests" time="0.0"/>
  <testcase name="asRequiredLocalDateShouldThrowExceptionOnNullNode" classname="org.openmhealth.shim.common.mapper.JsonNodeMappingSupportUnitTests" time="0.004"/>
  <testcase name="asRequiredLongShouldReturnLongWhenPresent" classname="org.openmhealth.shim.common.mapper.JsonNodeMappingSupportUnitTests" time="0.007"/>
  <testcase name="asRequiredLongShouldThrowExceptionOnMismatchedNode" classname="org.openmhealth.shim.common.mapper.JsonNodeMappingSupportUnitTests" time="0.0"/>
  <testcase name="asRequiredLongShouldThrowExceptionOnMissingNode" classname="org.openmhealth.shim.common.mapper.JsonNodeMappingSupportUnitTests" time="0.001"/>
  <testcase name="asRequiredLongShouldThrowExceptionOnNullNode" classname="org.openmhealth.shim.common.mapper.JsonNodeMappingSupportUnitTests" time="0.0"/>
  <testcase name="asRequiredNodeShouldReturnNestedNodeWhenPresent" classname="org.openmhealth.shim.common.mapper.JsonNodeMappingSupportUnitTests" time="0.001"/>
  <testcase name="asRequiredNodeShouldReturnNodeWhenPresent" classname="org.openmhealth.shim.common.mapper.JsonNodeMappingSupportUnitTests" time="0.0"/>
  <testcase name="asRequiredNodeShouldThrowExceptionOnMissingChildNode" classname="org.openmhealth.shim.common.mapper.JsonNodeMappingSupportUnitTests" time="0.0"/>
  <testcase name="asRequiredNodeShouldThrowExceptionOnMissingNode" classname="org.openmhealth.shim.common.mapper.JsonNodeMappingSupportUnitTests" time="0.0"/>
  <testcase name="asRequiredNodeShouldThrowExceptionOnMissingParentNode" classname="org.openmhealth.shim.common.mapper.JsonNodeMappingSupportUnitTests" time="0.0"/>
  <testcase name="asRequiredNodeShouldThrowExceptionOnNestedNullNode" classname="org.openmhealth.shim.common.mapper.JsonNodeMappingSupportUnitTests" time="0.001"/>
  <testcase name="asRequiredNodeShouldThrowExceptionOnNullNode" classname="org.openmhealth.shim.common.mapper.JsonNodeMappingSupportUnitTests" time="0.0"/>
  <testcase name="asRequiredOffsetDateTimeShouldReturnDateTimeWhenPresent" classname="org.openmhealth.shim.common.mapper.JsonNodeMappingSupportUnitTests" time="0.001"/>
  <testcase name="asRequiredOffsetDateTimeShouldThrowExceptionOnMismatchedNode" classname="org.openmhealth.shim.common.mapper.JsonNodeMappingSupportUnitTests" time="0.0"/>
  <testcase name="asRequiredOffsetDateTimeShouldThrowExceptionOnMissingNode" classname="org.openmhealth.shim.common.mapper.JsonNodeMappingSupportUnitTests" time="0.0"/>
  <testcase name="asRequiredOffsetDateTimeShouldThrowExceptionOnNullNode" classname="org.openmhealth.shim.common.mapper.JsonNodeMappingSupportUnitTests" time="0.0"/>
  <testcase name="asRequiredStringShouldReturnStringWhenPresent" classname="org.openmhealth.shim.common.mapper.JsonNodeMappingSupportUnitTests" time="0.0"/>
  <testcase name="asRequiredStringShouldThrowExceptionOnMismatchedNode" classname="org.openmhealth.shim.common.mapper.JsonNodeMappingSupportUnitTests" time="0.001"/>
  <testcase name="asRequiredStringShouldThrowExceptionOnMissingNode" classname="org.openmhealth.shim.common.mapper.JsonNodeMappingSupportUnitTests" time="0.0"/>
  <testcase name="asRequiredStringShouldThrowExceptionOnNullNode" classname="org.openmhealth.shim.common.mapper.JsonNodeMappingSupportUnitTests" time="0.0"/>
  <system-out><![CDATA[15:27:35.414 [Test worker] DEBUG o.o.s.c.m.JsonNodeMappingSupport - A 'foo' field wasn't found in node '{"number":2.3,"integer":2,"string":"hi","boolean":true,"empty":null,"date_time":"2014-01-01T12:15:04+02:00","date":"2014-01-01","local_date_time":"2014-01-01T12:15:04","custom_local_date_time":"Fri, 1 Aug 2014 06:53:05","nested":{"empty":null,"string":"hi"}}'.
15:27:35.428 [Test worker] WARN  o.o.s.c.m.JsonNodeMappingSupport - The 'string' field in node '{"number":2.3,"integer":2,"string":"hi","boolean":true,"empty":null,"date_time":"2014-01-01T12:15:04+02:00","date":"2014-01-01","local_date_time":"2014-01-01T12:15:04","custom_local_date_time":"Fri, 1 Aug 2014 06:53:05","nested":{"empty":null,"string":"hi"}}' isn't compatible.
15:27:35.430 [Test worker] DEBUG o.o.s.c.m.JsonNodeMappingSupport - The 'empty' field is null in node '{"number":2.3,"integer":2,"string":"hi","boolean":true,"empty":null,"date_time":"2014-01-01T12:15:04+02:00","date":"2014-01-01","local_date_time":"2014-01-01T12:15:04","custom_local_date_time":"Fri, 1 Aug 2014 06:53:05","nested":{"empty":null,"string":"hi"}}'.
15:27:35.446 [Test worker] WARN  o.o.s.c.m.JsonNodeMappingSupport - The 'number' field in node '{"number":2.3,"integer":2,"string":"hi","boolean":true,"empty":null,"date_time":"2014-01-01T12:15:04+02:00","date":"2014-01-01","local_date_time":"2014-01-01T12:15:04","custom_local_date_time":"Fri, 1 Aug 2014 06:53:05","nested":{"empty":null,"string":"hi"}}' isn't compatible.
15:27:35.453 [Test worker] DEBUG o.o.s.c.m.JsonNodeMappingSupport - A 'foo' field wasn't found in node '{"number":2.3,"integer":2,"string":"hi","boolean":true,"empty":null,"date_time":"2014-01-01T12:15:04+02:00","date":"2014-01-01","local_date_time":"2014-01-01T12:15:04","custom_local_date_time":"Fri, 1 Aug 2014 06:53:05","nested":{"empty":null,"string":"hi"}}'.
15:27:35.457 [Test worker] DEBUG o.o.s.c.m.JsonNodeMappingSupport - The 'empty' field is null in node '{"number":2.3,"integer":2,"string":"hi","boolean":true,"empty":null,"date_time":"2014-01-01T12:15:04+02:00","date":"2014-01-01","local_date_time":"2014-01-01T12:15:04","custom_local_date_time":"Fri, 1 Aug 2014 06:53:05","nested":{"empty":null,"string":"hi"}}'.
15:27:35.465 [Test worker] WARN  o.o.s.c.m.JsonNodeMappingSupport - The 'string' field in node '{"number":2.3,"integer":2,"string":"hi","boolean":true,"empty":null,"date_time":"2014-01-01T12:15:04+02:00","date":"2014-01-01","local_date_time":"2014-01-01T12:15:04","custom_local_date_time":"Fri, 1 Aug 2014 06:53:05","nested":{"empty":null,"string":"hi"}}' isn't compatible.
15:27:35.467 [Test worker] DEBUG o.o.s.c.m.JsonNodeMappingSupport - A 'foo' field wasn't found in node '{"number":2.3,"integer":2,"string":"hi","boolean":true,"empty":null,"date_time":"2014-01-01T12:15:04+02:00","date":"2014-01-01","local_date_time":"2014-01-01T12:15:04","custom_local_date_time":"Fri, 1 Aug 2014 06:53:05","nested":{"empty":null,"string":"hi"}}'.
15:27:35.470 [Test worker] DEBUG o.o.s.c.m.JsonNodeMappingSupport - The 'empty' field is null in node '{"number":2.3,"integer":2,"string":"hi","boolean":true,"empty":null,"date_time":"2014-01-01T12:15:04+02:00","date":"2014-01-01","local_date_time":"2014-01-01T12:15:04","custom_local_date_time":"Fri, 1 Aug 2014 06:53:05","nested":{"empty":null,"string":"hi"}}'.
15:27:35.472 [Test worker] WARN  o.o.s.c.m.JsonNodeMappingSupport - The 'number' field in node '{"number":2.3,"integer":2,"string":"hi","boolean":true,"empty":null,"date_time":"2014-01-01T12:15:04+02:00","date":"2014-01-01","local_date_time":"2014-01-01T12:15:04","custom_local_date_time":"Fri, 1 Aug 2014 06:53:05","nested":{"empty":null,"string":"hi"}}' isn't compatible.
15:27:35.474 [Test worker] DEBUG o.o.s.c.m.JsonNodeMappingSupport - A 'foo' field wasn't found in node '{"number":2.3,"integer":2,"string":"hi","boolean":true,"empty":null,"date_time":"2014-01-01T12:15:04+02:00","date":"2014-01-01","local_date_time":"2014-01-01T12:15:04","custom_local_date_time":"Fri, 1 Aug 2014 06:53:05","nested":{"empty":null,"string":"hi"}}'.
15:27:35.476 [Test worker] DEBUG o.o.s.c.m.JsonNodeMappingSupport - The 'empty' field is null in node '{"number":2.3,"integer":2,"string":"hi","boolean":true,"empty":null,"date_time":"2014-01-01T12:15:04+02:00","date":"2014-01-01","local_date_time":"2014-01-01T12:15:04","custom_local_date_time":"Fri, 1 Aug 2014 06:53:05","nested":{"empty":null,"string":"hi"}}'.
15:27:35.574 [Test worker] WARN  o.o.s.c.m.JsonNodeMappingSupport - The 'string' field in node '{"number":2.3,"integer":2,"string":"hi","boolean":true,"empty":null,"date_time":"2014-01-01T12:15:04+02:00","date":"2014-01-01","local_date_time":"2014-01-01T12:15:04","custom_local_date_time":"Fri, 1 Aug 2014 06:53:05","nested":{"empty":null,"string":"hi"}}' with value 'hi' isn't a valid temporal.
java.time.format.DateTimeParseException: Text 'hi' could not be parsed at index 0
	at java.time.format.DateTimeFormatter.parseResolved0(DateTimeFormatter.java:1949) ~[na:1.8.0_201]
	at java.time.format.DateTimeFormatter.parse(DateTimeFormatter.java:1851) ~[na:1.8.0_201]
	at java.time.LocalDateTime.parse(LocalDateTime.java:492) ~[na:1.8.0_201]
	at org.openmhealth.shim.common.mapper.JsonNodeMappingSupport.asOptionalTemporal(JsonNodeMappingSupport.java:440) [main/:na]
	at org.openmhealth.shim.common.mapper.JsonNodeMappingSupport.asOptionalLocalDateTime(JsonNodeMappingSupport.java:532) [main/:na]
	at org.openmhealth.shim.common.mapper.JsonNodeMappingSupport.asOptionalLocalDateTime(JsonNodeMappingSupport.java:543) [main/:na]
	at org.openmhealth.shim.common.mapper.JsonNodeMappingSupportUnitTests.asOptionalLocalDateTimeShouldReturnEmptyOnMalformedNode(JsonNodeMappingSupportUnitTests.java:464) [test/:na]
	at sun.reflect.NativeMethodAccessorImpl.invoke0(Native Method) ~[na:1.8.0_201]
	at sun.reflect.NativeMethodAccessorImpl.invoke(NativeMethodAccessorImpl.java:62) ~[na:1.8.0_201]
	at sun.reflect.DelegatingMethodAccessorImpl.invoke(DelegatingMethodAccessorImpl.java:43) ~[na:1.8.0_201]
	at java.lang.reflect.Method.invoke(Method.java:498) ~[na:1.8.0_201]
	at org.testng.internal.MethodInvocationHelper.invokeMethod(MethodInvocationHelper.java:85) [testng-6.8.21.jar:na]
	at org.testng.internal.Invoker.invokeMethod(Invoker.java:696) [testng-6.8.21.jar:na]
	at org.testng.internal.Invoker.invokeTestMethod(Invoker.java:882) [testng-6.8.21.jar:na]
	at org.testng.internal.Invoker.invokeTestMethods(Invoker.java:1189) [testng-6.8.21.jar:na]
	at org.testng.internal.TestMethodWorker.invokeTestMethods(TestMethodWorker.java:124) [testng-6.8.21.jar:na]
	at org.testng.internal.TestMethodWorker.run(TestMethodWorker.java:108) [testng-6.8.21.jar:na]
	at org.testng.TestRunner.privateRun(TestRunner.java:767) [testng-6.8.21.jar:na]
	at org.testng.TestRunner.run(TestRunner.java:617) [testng-6.8.21.jar:na]
	at org.testng.SuiteRunner.runTest(SuiteRunner.java:348) [testng-6.8.21.jar:na]
	at org.testng.SuiteRunner.runSequentially(SuiteRunner.java:343) [testng-6.8.21.jar:na]
	at org.testng.SuiteRunner.privateRun(SuiteRunner.java:305) [testng-6.8.21.jar:na]
	at org.testng.SuiteRunner.run(SuiteRunner.java:254) [testng-6.8.21.jar:na]
	at org.testng.SuiteRunnerWorker.runSuite(SuiteRunnerWorker.java:52) [testng-6.8.21.jar:na]
	at org.testng.SuiteRunnerWorker.run(SuiteRunnerWorker.java:86) [testng-6.8.21.jar:na]
	at org.testng.TestNG.runSuitesSequentially(TestNG.java:1224) [testng-6.8.21.jar:na]
	at org.testng.TestNG.runSuitesLocally(TestNG.java:1149) [testng-6.8.21.jar:na]
	at org.testng.TestNG.run(TestNG.java:1057) [testng-6.8.21.jar:na]
	at org.gradle.api.internal.tasks.testing.testng.TestNGTestClassProcessor.runTests(TestNGTestClassProcessor.java:129) [gradle-testing-jvm-4.1.jar:4.1]
	at org.gradle.api.internal.tasks.testing.testng.TestNGTestClassProcessor.stop(TestNGTestClassProcessor.java:88) [gradle-testing-jvm-4.1.jar:4.1]
	at org.gradle.api.internal.tasks.testing.SuiteTestClassProcessor.stop(SuiteTestClassProcessor.java:61) [gradle-testing-base-4.1.jar:4.1]
	at sun.reflect.NativeMethodAccessorImpl.invoke0(Native Method) ~[na:1.8.0_201]
	at sun.reflect.NativeMethodAccessorImpl.invoke(NativeMethodAccessorImpl.java:62) ~[na:1.8.0_201]
	at sun.reflect.DelegatingMethodAccessorImpl.invoke(DelegatingMethodAccessorImpl.java:43) ~[na:1.8.0_201]
	at java.lang.reflect.Method.invoke(Method.java:498) ~[na:1.8.0_201]
	at org.gradle.internal.dispatch.ReflectionDispatch.dispatch(ReflectionDispatch.java:35) [gradle-messaging-4.1.jar:4.1]
	at org.gradle.internal.dispatch.ReflectionDispatch.dispatch(ReflectionDispatch.java:24) [gradle-messaging-4.1.jar:4.1]
	at org.gradle.internal.dispatch.ContextClassLoaderDispatch.dispatch(ContextClassLoaderDispatch.java:32) [gradle-messaging-4.1.jar:4.1]
	at org.gradle.internal.dispatch.ProxyDispatchAdapter$DispatchingInvocationHandler.invoke(ProxyDispatchAdapter.java:93) [gradle-messaging-4.1.jar:4.1]
	at com.sun.proxy.$Proxy1.stop(Unknown Source) [na:na]
	at org.gradle.api.internal.tasks.testing.worker.TestWorker.stop(TestWorker.java:120) [gradle-testing-base-4.1.jar:4.1]
	at sun.reflect.NativeMethodAccessorImpl.invoke0(Native Method) ~[na:1.8.0_201]
	at sun.reflect.NativeMethodAccessorImpl.invoke(NativeMethodAccessorImpl.java:62) ~[na:1.8.0_201]
	at sun.reflect.DelegatingMethodAccessorImpl.invoke(DelegatingMethodAccessorImpl.java:43) ~[na:1.8.0_201]
	at java.lang.reflect.Method.invoke(Method.java:498) ~[na:1.8.0_201]
	at org.gradle.internal.dispatch.ReflectionDispatch.dispatch(ReflectionDispatch.java:35) [gradle-messaging-4.1.jar:4.1]
	at org.gradle.internal.dispatch.ReflectionDispatch.dispatch(ReflectionDispatch.java:24) [gradle-messaging-4.1.jar:4.1]
	at org.gradle.internal.remote.internal.hub.MessageHubBackedObjectConnection$DispatchWrapper.dispatch(MessageHubBackedObjectConnection.java:146) [gradle-messaging-4.1.jar:4.1]
	at org.gradle.internal.remote.internal.hub.MessageHubBackedObjectConnection$DispatchWrapper.dispatch(MessageHubBackedObjectConnection.java:128) [gradle-messaging-4.1.jar:4.1]
	at org.gradle.internal.remote.internal.hub.MessageHub$Handler.run(MessageHub.java:404) [gradle-messaging-4.1.jar:4.1]
	at org.gradle.internal.concurrent.ExecutorPolicy$CatchAndRecordFailures.onExecute(ExecutorPolicy.java:63) [gradle-base-services-4.1.jar:4.1]
	at org.gradle.internal.concurrent.ManagedExecutorImpl$1.run(ManagedExecutorImpl.java:46) [gradle-base-services-4.1.jar:4.1]
	at java.util.concurrent.ThreadPoolExecutor.runWorker(ThreadPoolExecutor.java:1149) [na:1.8.0_201]
	at java.util.concurrent.ThreadPoolExecutor$Worker.run(ThreadPoolExecutor.java:624) [na:1.8.0_201]
	at org.gradle.internal.concurrent.ThreadFactoryImpl$ManagedThreadRunnable.run(ThreadFactoryImpl.java:55) [gradle-base-services-4.1.jar:4.1]
	at java.lang.Thread.run(Thread.java:748) [na:1.8.0_201]
15:27:35.592 [Test worker] WARN  o.o.s.c.m.JsonNodeMappingSupport - The 'number' field in node '{"number":2.3,"integer":2,"string":"hi","boolean":true,"empty":null,"date_time":"2014-01-01T12:15:04+02:00","date":"2014-01-01","local_date_time":"2014-01-01T12:15:04","custom_local_date_time":"Fri, 1 Aug 2014 06:53:05","nested":{"empty":null,"string":"hi"}}' isn't compatible.
15:27:35.593 [Test worker] DEBUG o.o.s.c.m.JsonNodeMappingSupport - A 'foo' field wasn't found in node '{"number":2.3,"integer":2,"string":"hi","boolean":true,"empty":null,"date_time":"2014-01-01T12:15:04+02:00","date":"2014-01-01","local_date_time":"2014-01-01T12:15:04","custom_local_date_time":"Fri, 1 Aug 2014 06:53:05","nested":{"empty":null,"string":"hi"}}'.
15:27:35.595 [Test worker] DEBUG o.o.s.c.m.JsonNodeMappingSupport - The 'empty' field is null in node '{"number":2.3,"integer":2,"string":"hi","boolean":true,"empty":null,"date_time":"2014-01-01T12:15:04+02:00","date":"2014-01-01","local_date_time":"2014-01-01T12:15:04","custom_local_date_time":"Fri, 1 Aug 2014 06:53:05","nested":{"empty":null,"string":"hi"}}'.
15:27:35.598 [Test worker] WARN  o.o.s.c.m.JsonNodeMappingSupport - The 'number' field in node '{"number":2.3,"integer":2,"string":"hi","boolean":true,"empty":null,"date_time":"2014-01-01T12:15:04+02:00","date":"2014-01-01","local_date_time":"2014-01-01T12:15:04","custom_local_date_time":"Fri, 1 Aug 2014 06:53:05","nested":{"empty":null,"string":"hi"}}' isn't compatible.
15:27:35.600 [Test worker] DEBUG o.o.s.c.m.JsonNodeMappingSupport - A 'foo' field wasn't found in node '{"number":2.3,"integer":2,"string":"hi","boolean":true,"empty":null,"date_time":"2014-01-01T12:15:04+02:00","date":"2014-01-01","local_date_time":"2014-01-01T12:15:04","custom_local_date_time":"Fri, 1 Aug 2014 06:53:05","nested":{"empty":null,"string":"hi"}}'.
15:27:35.602 [Test worker] DEBUG o.o.s.c.m.JsonNodeMappingSupport - The 'empty' field is null in node '{"number":2.3,"integer":2,"string":"hi","boolean":true,"empty":null,"date_time":"2014-01-01T12:15:04+02:00","date":"2014-01-01","local_date_time":"2014-01-01T12:15:04","custom_local_date_time":"Fri, 1 Aug 2014 06:53:05","nested":{"empty":null,"string":"hi"}}'.
15:27:35.606 [Test worker] DEBUG o.o.s.c.m.JsonNodeMappingSupport - A 'foo' field wasn't found in node '{"number":2.3,"integer":2,"string":"hi","boolean":true,"empty":null,"date_time":"2014-01-01T12:15:04+02:00","date":"2014-01-01","local_date_time":"2014-01-01T12:15:04","custom_local_date_time":"Fri, 1 Aug 2014 06:53:05","nested":{"empty":null,"string":"hi"}}'.
15:27:35.607 [Test worker] DEBUG o.o.s.c.m.JsonNodeMappingSupport - A 'foo' field wasn't found in node '{"empty":null,"string":"hi"}'.
15:27:35.608 [Test worker] DEBUG o.o.s.c.m.JsonNodeMappingSupport - A 'foo' field wasn't found in node '{"number":2.3,"integer":2,"string":"hi","boolean":true,"empty":null,"date_time":"2014-01-01T12:15:04+02:00","date":"2014-01-01","local_date_time":"2014-01-01T12:15:04","custom_local_date_time":"Fri, 1 Aug 2014 06:53:05","nested":{"empty":null,"string":"hi"}}'.
15:27:35.609 [Test worker] DEBUG o.o.s.c.m.JsonNodeMappingSupport - The 'empty' field is null in node '{"empty":null,"string":"hi"}'.
15:27:35.611 [Test worker] DEBUG o.o.s.c.m.JsonNodeMappingSupport - The 'empty' field is null in node '{"number":2.3,"integer":2,"string":"hi","boolean":true,"empty":null,"date_time":"2014-01-01T12:15:04+02:00","date":"2014-01-01","local_date_time":"2014-01-01T12:15:04","custom_local_date_time":"Fri, 1 Aug 2014 06:53:05","nested":{"empty":null,"string":"hi"}}'.
15:27:35.621 [Test worker] WARN  o.o.s.c.m.JsonNodeMappingSupport - The 'string' field in node '{"number":2.3,"integer":2,"string":"hi","boolean":true,"empty":null,"date_time":"2014-01-01T12:15:04+02:00","date":"2014-01-01","local_date_time":"2014-01-01T12:15:04","custom_local_date_time":"Fri, 1 Aug 2014 06:53:05","nested":{"empty":null,"string":"hi"}}' with value 'hi' isn't a valid temporal.
java.time.format.DateTimeParseException: Text 'hi' could not be parsed at index 0
	at java.time.format.DateTimeFormatter.parseResolved0(DateTimeFormatter.java:1949) ~[na:1.8.0_201]
	at java.time.format.DateTimeFormatter.parse(DateTimeFormatter.java:1851) ~[na:1.8.0_201]
	at java.time.OffsetDateTime.parse(OffsetDateTime.java:402) ~[na:1.8.0_201]
	at org.openmhealth.shim.common.mapper.JsonNodeMappingSupport.asOptionalTemporal(JsonNodeMappingSupport.java:440) [main/:na]
	at org.openmhealth.shim.common.mapper.JsonNodeMappingSupport.asOptionalOffsetDateTime(JsonNodeMappingSupport.java:460) [main/:na]
	at org.openmhealth.shim.common.mapper.JsonNodeMappingSupport.asOptionalOffsetDateTime(JsonNodeMappingSupport.java:471) [main/:na]
	at org.openmhealth.shim.common.mapper.JsonNodeMappingSupportUnitTests.asOptionalOffsetDateTimeShouldReturnEmptyOnMalformedNode(JsonNodeMappingSupportUnitTests.java:418) [test/:na]
	at sun.reflect.NativeMethodAccessorImpl.invoke0(Native Method) ~[na:1.8.0_201]
	at sun.reflect.NativeMethodAccessorImpl.invoke(NativeMethodAccessorImpl.java:62) ~[na:1.8.0_201]
	at sun.reflect.DelegatingMethodAccessorImpl.invoke(DelegatingMethodAccessorImpl.java:43) ~[na:1.8.0_201]
	at java.lang.reflect.Method.invoke(Method.java:498) ~[na:1.8.0_201]
	at org.testng.internal.MethodInvocationHelper.invokeMethod(MethodInvocationHelper.java:85) [testng-6.8.21.jar:na]
	at org.testng.internal.Invoker.invokeMethod(Invoker.java:696) [testng-6.8.21.jar:na]
	at org.testng.internal.Invoker.invokeTestMethod(Invoker.java:882) [testng-6.8.21.jar:na]
	at org.testng.internal.Invoker.invokeTestMethods(Invoker.java:1189) [testng-6.8.21.jar:na]
	at org.testng.internal.TestMethodWorker.invokeTestMethods(TestMethodWorker.java:124) [testng-6.8.21.jar:na]
	at org.testng.internal.TestMethodWorker.run(TestMethodWorker.java:108) [testng-6.8.21.jar:na]
	at org.testng.TestRunner.privateRun(TestRunner.java:767) [testng-6.8.21.jar:na]
	at org.testng.TestRunner.run(TestRunner.java:617) [testng-6.8.21.jar:na]
	at org.testng.SuiteRunner.runTest(SuiteRunner.java:348) [testng-6.8.21.jar:na]
	at org.testng.SuiteRunner.runSequentially(SuiteRunner.java:343) [testng-6.8.21.jar:na]
	at org.testng.SuiteRunner.privateRun(SuiteRunner.java:305) [testng-6.8.21.jar:na]
	at org.testng.SuiteRunner.run(SuiteRunner.java:254) [testng-6.8.21.jar:na]
	at org.testng.SuiteRunnerWorker.runSuite(SuiteRunnerWorker.java:52) [testng-6.8.21.jar:na]
	at org.testng.SuiteRunnerWorker.run(SuiteRunnerWorker.java:86) [testng-6.8.21.jar:na]
	at org.testng.TestNG.runSuitesSequentially(TestNG.java:1224) [testng-6.8.21.jar:na]
	at org.testng.TestNG.runSuitesLocally(TestNG.java:1149) [testng-6.8.21.jar:na]
	at org.testng.TestNG.run(TestNG.java:1057) [testng-6.8.21.jar:na]
	at org.gradle.api.internal.tasks.testing.testng.TestNGTestClassProcessor.runTests(TestNGTestClassProcessor.java:129) [gradle-testing-jvm-4.1.jar:4.1]
	at org.gradle.api.internal.tasks.testing.testng.TestNGTestClassProcessor.stop(TestNGTestClassProcessor.java:88) [gradle-testing-jvm-4.1.jar:4.1]
	at org.gradle.api.internal.tasks.testing.SuiteTestClassProcessor.stop(SuiteTestClassProcessor.java:61) [gradle-testing-base-4.1.jar:4.1]
	at sun.reflect.NativeMethodAccessorImpl.invoke0(Native Method) ~[na:1.8.0_201]
	at sun.reflect.NativeMethodAccessorImpl.invoke(NativeMethodAccessorImpl.java:62) ~[na:1.8.0_201]
	at sun.reflect.DelegatingMethodAccessorImpl.invoke(DelegatingMethodAccessorImpl.java:43) ~[na:1.8.0_201]
	at java.lang.reflect.Method.invoke(Method.java:498) ~[na:1.8.0_201]
	at org.gradle.internal.dispatch.ReflectionDispatch.dispatch(ReflectionDispatch.java:35) [gradle-messaging-4.1.jar:4.1]
	at org.gradle.internal.dispatch.ReflectionDispatch.dispatch(ReflectionDispatch.java:24) [gradle-messaging-4.1.jar:4.1]
	at org.gradle.internal.dispatch.ContextClassLoaderDispatch.dispatch(ContextClassLoaderDispatch.java:32) [gradle-messaging-4.1.jar:4.1]
	at org.gradle.internal.dispatch.ProxyDispatchAdapter$DispatchingInvocationHandler.invoke(ProxyDispatchAdapter.java:93) [gradle-messaging-4.1.jar:4.1]
	at com.sun.proxy.$Proxy1.stop(Unknown Source) [na:na]
	at org.gradle.api.internal.tasks.testing.worker.TestWorker.stop(TestWorker.java:120) [gradle-testing-base-4.1.jar:4.1]
	at sun.reflect.NativeMethodAccessorImpl.invoke0(Native Method) ~[na:1.8.0_201]
	at sun.reflect.NativeMethodAccessorImpl.invoke(NativeMethodAccessorImpl.java:62) ~[na:1.8.0_201]
	at sun.reflect.DelegatingMethodAccessorImpl.invoke(DelegatingMethodAccessorImpl.java:43) ~[na:1.8.0_201]
	at java.lang.reflect.Method.invoke(Method.java:498) ~[na:1.8.0_201]
	at org.gradle.internal.dispatch.ReflectionDispatch.dispatch(ReflectionDispatch.java:35) [gradle-messaging-4.1.jar:4.1]
	at org.gradle.internal.dispatch.ReflectionDispatch.dispatch(ReflectionDispatch.java:24) [gradle-messaging-4.1.jar:4.1]
	at org.gradle.internal.remote.internal.hub.MessageHubBackedObjectConnection$DispatchWrapper.dispatch(MessageHubBackedObjectConnection.java:146) [gradle-messaging-4.1.jar:4.1]
	at org.gradle.internal.remote.internal.hub.MessageHubBackedObjectConnection$DispatchWrapper.dispatch(MessageHubBackedObjectConnection.java:128) [gradle-messaging-4.1.jar:4.1]
	at org.gradle.internal.remote.internal.hub.MessageHub$Handler.run(MessageHub.java:404) [gradle-messaging-4.1.jar:4.1]
	at org.gradle.internal.concurrent.ExecutorPolicy$CatchAndRecordFailures.onExecute(ExecutorPolicy.java:63) [gradle-base-services-4.1.jar:4.1]
	at org.gradle.internal.concurrent.ManagedExecutorImpl$1.run(ManagedExecutorImpl.java:46) [gradle-base-services-4.1.jar:4.1]
	at java.util.concurrent.ThreadPoolExecutor.runWorker(ThreadPoolExecutor.java:1149) [na:1.8.0_201]
	at java.util.concurrent.ThreadPoolExecutor$Worker.run(ThreadPoolExecutor.java:624) [na:1.8.0_201]
	at org.gradle.internal.concurrent.ThreadFactoryImpl$ManagedThreadRunnable.run(ThreadFactoryImpl.java:55) [gradle-base-services-4.1.jar:4.1]
	at java.lang.Thread.run(Thread.java:748) [na:1.8.0_201]
15:27:35.640 [Test worker] WARN  o.o.s.c.m.JsonNodeMappingSupport - The 'number' field in node '{"number":2.3,"integer":2,"string":"hi","boolean":true,"empty":null,"date_time":"2014-01-01T12:15:04+02:00","date":"2014-01-01","local_date_time":"2014-01-01T12:15:04","custom_local_date_time":"Fri, 1 Aug 2014 06:53:05","nested":{"empty":null,"string":"hi"}}' isn't compatible.
15:27:35.644 [Test worker] DEBUG o.o.s.c.m.JsonNodeMappingSupport - A 'foo' field wasn't found in node '{"number":2.3,"integer":2,"string":"hi","boolean":true,"empty":null,"date_time":"2014-01-01T12:15:04+02:00","date":"2014-01-01","local_date_time":"2014-01-01T12:15:04","custom_local_date_time":"Fri, 1 Aug 2014 06:53:05","nested":{"empty":null,"string":"hi"}}'.
15:27:35.647 [Test worker] DEBUG o.o.s.c.m.JsonNodeMappingSupport - The 'empty' field is null in node '{"number":2.3,"integer":2,"string":"hi","boolean":true,"empty":null,"date_time":"2014-01-01T12:15:04+02:00","date":"2014-01-01","local_date_time":"2014-01-01T12:15:04","custom_local_date_time":"Fri, 1 Aug 2014 06:53:05","nested":{"empty":null,"string":"hi"}}'.
15:27:35.653 [Test worker] WARN  o.o.s.c.m.JsonNodeMappingSupport - The 'number' field in node '{"number":2.3,"integer":2,"string":"hi","boolean":true,"empty":null,"date_time":"2014-01-01T12:15:04+02:00","date":"2014-01-01","local_date_time":"2014-01-01T12:15:04","custom_local_date_time":"Fri, 1 Aug 2014 06:53:05","nested":{"empty":null,"string":"hi"}}' isn't compatible.
15:27:35.655 [Test worker] DEBUG o.o.s.c.m.JsonNodeMappingSupport - A 'foo' field wasn't found in node '{"number":2.3,"integer":2,"string":"hi","boolean":true,"empty":null,"date_time":"2014-01-01T12:15:04+02:00","date":"2014-01-01","local_date_time":"2014-01-01T12:15:04","custom_local_date_time":"Fri, 1 Aug 2014 06:53:05","nested":{"empty":null,"string":"hi"}}'.
15:27:35.656 [Test worker] DEBUG o.o.s.c.m.JsonNodeMappingSupport - The 'empty' field is null in node '{"number":2.3,"integer":2,"string":"hi","boolean":true,"empty":null,"date_time":"2014-01-01T12:15:04+02:00","date":"2014-01-01","local_date_time":"2014-01-01T12:15:04","custom_local_date_time":"Fri, 1 Aug 2014 06:53:05","nested":{"empty":null,"string":"hi"}}'.
]]></system-out>
  <system-err><![CDATA[]]></system-err>
</testsuite>
